Reading netlist file: "C:\Users\PABLO-LAP-LENOVO\Documents\gti programing projects\hdl\p10_link\p10_link_verilog\verilog\impl\gwsynthesis\verilog.vg"
Parsing netlist file "C:\Users\PABLO-LAP-LENOVO\Documents\gti programing projects\hdl\p10_link\p10_link_verilog\verilog\impl\gwsynthesis\verilog.vg" completed
Processing netlist completed
Reading constraint file: "C:\Users\PABLO-LAP-LENOVO\Documents\gti programing projects\hdl\p10_link\p10_link_verilog\verilog\src\verilog.cst"
Physical Constraint parsed completed
Running placement......
[10%] Placement Phase 0 completed
[20%] Placement Phase 1 completed
[30%] Placement Phase 2 completed
[50%] Placement Phase 3 completed
Running routing......
[60%] Routing Phase 0 completed
[70%] Routing Phase 1 completed
[80%] Routing Phase 2 completed
[90%] Routing Phase 3 completed
Running timing analysis......
[95%] Timing analysis completed
Placement and routing completed
Bitstream generation in progress......
Bitstream generation completed
Running power analysis......
[100%] Power analysis completed
Generate file "C:\Users\PABLO-LAP-LENOVO\Documents\gti programing projects\hdl\p10_link\p10_link_verilog\verilog\impl\pnr\verilog.power.html" completed
Generate file "C:\Users\PABLO-LAP-LENOVO\Documents\gti programing projects\hdl\p10_link\p10_link_verilog\verilog\impl\pnr\verilog.pin.html" completed
Generate file "C:\Users\PABLO-LAP-LENOVO\Documents\gti programing projects\hdl\p10_link\p10_link_verilog\verilog\impl\pnr\verilog.rpt.html" completed
Generate file "C:\Users\PABLO-LAP-LENOVO\Documents\gti programing projects\hdl\p10_link\p10_link_verilog\verilog\impl\pnr\verilog.rpt.txt" completed
Generate file "C:\Users\PABLO-LAP-LENOVO\Documents\gti programing projects\hdl\p10_link\p10_link_verilog\verilog\impl\pnr\verilog.tr.html" completed
Wed Aug 27 16:54:39 2025

